<?xml version="1.0" encoding="UTF-8"?>
<testsuite name="org.opensearch.infino.InfinoRestHandlerTests" tests="6" skipped="0" failures="0" errors="0" timestamp="2024-01-10T04:16:49" hostname="MacBook-Pro-74.local" time="0.799">
  <properties/>
  <testcase name="testHeadRequest" classname="org.opensearch.infino.InfinoRestHandlerTests" time="0.762"/>
  <testcase name="testNonExistentEndpoint" classname="org.opensearch.infino.InfinoRestHandlerTests" time="0.007"/>
  <testcase name="testGetRequest" classname="org.opensearch.infino.InfinoRestHandlerTests" time="0.007"/>
  <testcase name="testServerError" classname="org.opensearch.infino.InfinoRestHandlerTests" time="0.007"/>
  <testcase name="testLargeResponsePayload" classname="org.opensearch.infino.InfinoRestHandlerTests" time="0.008"/>
  <testcase name="testPostRequest" classname="org.opensearch.infino.InfinoRestHandlerTests" time="0.007"/>
  <system-out><![CDATA[[2024-01-09T21:16:49,372][INFO ][o.o.i.InfinoRestHandlerTests] [testHeadRequest] before test
[2024-01-09T21:16:50,085][INFO ][o.o.i.InfinoRestHandler  ] [testHeadRequest] Serializing REST request for Infino
[2024-01-09T21:16:50,087][INFO ][o.o.i.InfinoRestHandler  ] [testHeadRequest] Serialized REST request for Infino to http://test-path/infino/test-index/_ping
[2024-01-09T21:16:50,091][INFO ][o.o.i.InfinoRestHandler  ] [testHeadRequest] Sending HTTP Request to Infino: http://test-path/infino/test-index/_ping
[2024-01-09T21:16:50,096][INFO ][o.o.i.InfinoRestHandler  ] [[InfinoPluginThread-1]] Received HTTP response from Infino: Default body
[2024-01-09T21:16:50,119][INFO ][o.o.i.InfinoRestHandlerTests] [testHeadRequest] after test
[2024-01-09T21:16:50,123][INFO ][o.o.i.InfinoRestHandlerTests] [testNonExistentEndpoint] before test
[2024-01-09T21:16:50,125][INFO ][o.o.i.InfinoRestHandler  ] [testNonExistentEndpoint] Serializing REST request for Infino
[2024-01-09T21:16:50,126][INFO ][o.o.i.InfinoRestHandler  ] [testNonExistentEndpoint] Serialized REST request for Infino to http://test-path/non-existent-endpoint
[2024-01-09T21:16:50,126][INFO ][o.o.i.InfinoRestHandler  ] [testNonExistentEndpoint] Sending HTTP Request to Infino: http://test-path/non-existent-endpoint
[2024-01-09T21:16:50,126][INFO ][o.o.i.InfinoRestHandler  ] [[InfinoPluginThread-1]] Received HTTP response from Infino: Not Found
[2024-01-09T21:16:50,126][INFO ][o.o.i.InfinoRestHandlerTests] [testNonExistentEndpoint] after test
[2024-01-09T21:16:50,130][INFO ][o.o.i.InfinoRestHandlerTests] [testGetRequest] before test
[2024-01-09T21:16:50,133][INFO ][o.o.i.InfinoRestHandler  ] [testGetRequest] Serializing REST request for Infino
[2024-01-09T21:16:50,133][INFO ][o.o.i.InfinoRestHandler  ] [testGetRequest] Serialized REST request for Infino to http://test-path/infino/test-index/_ping
[2024-01-09T21:16:50,133][INFO ][o.o.i.InfinoRestHandler  ] [testGetRequest] Sending HTTP Request to Infino: http://test-path/infino/test-index/_ping
[2024-01-09T21:16:50,133][INFO ][o.o.i.InfinoRestHandler  ] [[InfinoPluginThread-2]] Received HTTP response from Infino: Default body
[2024-01-09T21:16:50,134][INFO ][o.o.i.InfinoRestHandlerTests] [testGetRequest] after test
[2024-01-09T21:16:50,137][INFO ][o.o.i.InfinoRestHandlerTests] [testServerError] before test
[2024-01-09T21:16:50,139][INFO ][o.o.i.InfinoRestHandler  ] [testServerError] Serializing REST request for Infino
[2024-01-09T21:16:50,140][INFO ][o.o.i.InfinoRestHandler  ] [testServerError] Serialized REST request for Infino to http://test-path/infino/test-index/_ping?invalidParam=value
[2024-01-09T21:16:50,140][INFO ][o.o.i.InfinoRestHandler  ] [testServerError] Sending HTTP Request to Infino: http://test-path/infino/test-index/_ping?invalidParam=value
[2024-01-09T21:16:50,140][INFO ][o.o.i.InfinoRestHandler  ] [[InfinoPluginThread-1]] Received HTTP response from Infino: Internal Server Error
[2024-01-09T21:16:50,141][INFO ][o.o.i.InfinoRestHandlerTests] [testServerError] after test
[2024-01-09T21:16:50,143][INFO ][o.o.i.InfinoRestHandlerTests] [testLargeResponsePayload] before test
[2024-01-09T21:16:50,146][INFO ][o.o.i.InfinoRestHandler  ] [testLargeResponsePayload] Serializing REST request for Infino
[2024-01-09T21:16:50,146][INFO ][o.o.i.InfinoRestHandler  ] [testLargeResponsePayload] Serialized REST request for Infino to http://test-path/infino/test-index/_ping
[2024-01-09T21:16:50,146][INFO ][o.o.i.InfinoRestHandler  ] [testLargeResponsePayload] Sending HTTP Request to Infino: http://test-path/infino/test-index/_ping
[2024-01-09T21:16:50,147][INFO ][o.o.i.InfinoRestHandler  ] [[InfinoPluginThread-3]] Received HTTP response from Infino: Large payload. Large payload. Large payload. Large payload. Large payload. Large payload. Large payload. Large payload. Large payload. Large payload. Large payload. Large payload. Large payload. Large payload. Large payload. Large payload. Large payload. Large payload. Large payload. Large payload. Large payload. Large payload. Large payload. Large payload. Large payload. Large payload. Large payload. Large payload. Large payload. Large payload. Large payload. Large payload. Large payload. Large payload. Large payload. Large payload. Large payload. Large payload. Large payload. Large payload. Large payload. Large payload. Large payload. Large payload. Large payload. Large payload. Large payload. Large payload. Large payload. Large payload. Large payload. Large payload. Large payload. Large payload. Large payload. Large payload. Large payload. Large payload. Large payload. Large payload. Large payload. Large payload. Large payload. Large payload. Large payload. Large payload. Large payload. Large payload. Large payload. Large payload. Large payload. Large payload. Large payload. Large payload. Large payload. Large payload. Large payload. Large payload. Large payload. Large payload. Large payload. Large payload. Large payload. Large payload. Large payload. Large payload. Large payload. Large payload. Large payload. Large payload. Large payload. Large payload. Large payload. Large payload. Large payload. Large payload. Large payload. Large payload. Large payload. Large payload. Large payload. Large payload. Large payload. Large payload. Large payload. Large payload. Large payload. Large payload. Large payload. Large payload. Large payload. Large payload. Large payload. Large payload. Large payload. Large payload. Large payload. Large payload. Large payload. Large payload. Large payload. Large payload. Large payload. Large payload. Large payload. Large payload. Large payload. Large payload. Large payload. Large payload. Large payload. Large payload. Large payload. Large payload. Large payload. Large payload. Large payload. Large payload. Large payload. Large payload. Large payload. Large payload. Large payload. Large payload. Large payload. Large payload. Large payload. Large payload. Large payload. Large payload. Large payload. Large payload. Large payload. Large payload. Large payload. Large payload. Large payload. Large payload. Large payload. Large payload. Large payload. Large payload. Large payload. Large payload. Large payload. Large payload. Large payload. Large payload. Large payload. Large payload. Large payload. Large payload. Large payload. Large payload. Large payload. Large payload. Large payload. Large payload. Large payload. Large payload. Large payload. Large payload. Large payload. Large payload. Large payload. Large payload. Large payload. Large payload. Large payload. Large payload. Large payload. Large payload. Large payload. Large payload. Large payload. Large payload. Large payload. Large payload. Large payload. Large payload. Large payload. Large payload. Large payload. Large payload. Large payload. Large payload. Large payload. Large payload. Large payload. Large payload. Large payload. Large payload. Large payload. Large payload. Large payload. Large payload. Large payload. Large payload. Large payload. Large payload. Large payload. Large payload. Large payload. Large payload. Large payload. Large payload. Large payload. Large payload. Large payload. Large payload. Large payload. Large payload. Large payload. Large payload. Large payload. Large payload. Large payload. Large payload. Large payload. Large payload. Large payload. Large payload. Large payload. Large payload. Large payload. Large payload. Large payload. Large payload. Large payload. Large payload. Large payload. Large payload. Large payload. Large payload. Large payload. Large payload. Large payload. Large payload. Large payload. Large payload. Large payload. Large payload. Large payload. Large payload. Large payload. Large payload. Large payload. Large payload. Large payload. Large payload. Large payload. Large payload. Large payload. Large payload. Large payload. Large payload. Large payload. Large payload. Large payload. Large payload. Large payload. Large payload. Large payload. Large payload. Large payload. Large payload. Large payload. Large payload. Large payload. Large payload. Large payload. Large payload. Large payload. Large payload. Large payload. Large payload. Large payload. Large payload. Large payload. Large payload. Large payload. Large payload. Large payload. Large payload. Large payload. Large payload. Large payload. Large payload. Large payload. Large payload. Large payload. Large payload. Large payload. Large payload. Large payload. Large payload. Large payload. Large payload. Large payload. Large payload. Large payload. Large payload. Large payload. Large payload. Large payload. Large payload. Large payload. Large payload. Large payload. Large payload. Large payload. Large payload. Large payload. Large payload. Large payload. Large payload. Large payload. Large payload. Large payload. Large payload. Large payload. Large payload. Large payload. Large payload. Large payload. Large payload. Large payload. Large payload. Large payload. Large payload. Large payload. Large payload. Large payload. Large payload. Large payload. Large payload. Large payload. Large payload. Large payload. Large payload. Large payload. Large payload. Large payload. Large payload. Large payload. Large payload. Large payload. Large payload. Large payload. Large payload. Large payload. Large payload. Large payload. Large payload. Large payload. Large payload. Large payload. Large payload. Large payload. Large payload. Large payload. Large payload. Large payload. Large payload. Large payload. Large payload. Large payload. Large payload. Large payload. Large payload. Large payload. Large payload. Large payload. Large payload. Large payload. Large payload. Large payload. Large payload. Large payload. Large payload. Large payload. Large payload. Large payload. Large payload. Large payload. Large payload. Large payload. Large payload. Large payload. Large payload. Large payload. Large payload. Large payload. Large payload. Large payload. Large payload. Large payload. Large payload. Large payload. Large payload. Large payload. Large payload. Large payload. Large payload. Large payload. Large payload. Large payload. Large payload. Large payload. Large payload. Large payload. Large payload. Large payload. Large payload. Large payload. Large payload. Large payload. Large payload. Large payload. Large payload. Large payload. Large payload. Large payload. Large payload. Large payload. Large payload. Large payload. Large payload. Large payload. Large payload. Large payload. Large payload. Large payload. Large payload. Large payload. Large payload. Large payload. Large payload. Large payload. Large payload. Large payload. Large payload. Large payload. Large payload. Large payload. Large payload. Large payload. Large payload. Large payload. Large payload. Large payload. Large payload. Large payload. Large payload. Large payload. Large payload. Large payload. Large payload. Large payload. Large payload. Large payload. Large payload. Large payload. Large payload. Large payload. Large payload. Large payload. Large payload. Large payload. Large payload. Large payload. Large payload. Large payload. Large payload. Large payload. Large payload. Large payload. Large payload. Large payload. Large payload. Large payload. Large payload. Large payload. Large payload. Large payload. Large payload. Large payload. Large payload. Large payload. Large payload. Large payload. Large payload. Large payload. Large payload. Large payload. Large payload. Large payload. Large payload. Large payload. Large payload. Large payload. Large payload. Large payload. Large payload. Large payload. Large payload. Large payload. Large payload. Large payload. Large payload. Large payload. Large payload. Large payload. Large payload. Large payload. Large payload. Large payload. Large payload. Large payload. Large payload. Large payload. Large payload. Large payload. Large payload. Large payload. Large payload. Large payload. Large payload. Large payload. Large payload. Large payload. Large payload. Large payload. Large payload. Large payload. Large payload. Large payload. Large payload. Large payload. Large payload. Large payload. Large payload. Large payload. Large payload. Large payload. Large payload. Large payload. Large payload. Large payload. Large payload. Large payload. Large payload. Large payload. Large payload. Large payload. Large payload. Large payload. Large payload. Large payload. Large payload. Large payload. Large payload. Large payload. Large payload. Large payload. Large payload. Large payload. Large payload. Large payload. Large payload. Large payload. Large payload. Large payload. Large payload. Large payload. Large payload. Large payload. Large payload. Large payload. Large payload. Large payload. Large payload. Large payload. Large payload. Large payload. Large payload. Large payload. Large payload. Large payload. Large payload. Large payload. Large payload. Large payload. Large payload. Large payload. Large payload. Large payload. Large payload. Large payload. Large payload. Large payload. Large payload. Large payload. Large payload. Large payload. Large payload. Large payload. Large payload. Large payload. Large payload. Large payload. Large payload. Large payload. Large payload. Large payload. Large payload. Large payload. Large payload. Large payload. Large payload. Large payload. Large payload. Large payload. Large payload. Large payload. Large payload. Large payload. Large payload. Large payload. Large payload. Large payload. Large payload. Large payload. Large payload. Large payload. Large payload. Large payload. Large payload. Large payload. Large payload. Large payload. Large payload. Large payload. Large payload. Large payload. Large payload. Large payload. Large payload. Large payload. Large payload. Large payload. Large payload. Large payload. Large payload. Large payload. Large payload. Large payload. Large payload. Large payload. Large payload. Large payload. Large payload. Large payload. Large payload. Large payload. Large payload. Large payload. Large payload. Large payload. Large payload. Large payload. Large payload. Large payload. Large payload. Large payload. Large payload. Large payload. Large payload. Large payload. Large payload. Large payload. Large payload. Large payload. Large payload. Large payload. Large payload. Large payload. Large payload. Large payload. Large payload. Large payload. Large payload. Large payload. Large payload. Large payload. Large payload. Large payload. Large payload. Large payload. Large payload. Large payload. Large payload. Large payload. Large payload. Large payload. Large payload. Large payload. Large payload. Large payload. Large payload. Large payload. Large payload. Large payload. Large payload. Large payload. Large payload. Large payload. Large payload. Large payload. Large payload. Large payload. Large payload. Large payload. Large payload. Large payload. Large payload. Large payload. Large payload. Large payload. Large payload. Large payload. Large payload. Large payload. Large payload. Large payload. Large payload. Large payload. Large payload. Large payload. Large payload. Large payload. Large payload. Large payload. Large payload. Large payload. Large payload. Large payload. Large payload. Large payload. Large payload. Large payload. Large payload. Large payload. Large payload. Large payload. Large payload. Large payload. Large payload. Large payload. Large payload. Large payload. Large payload. Large payload. Large payload. Large payload. Large payload. Large payload. Large payload. Large payload. Large payload. Large payload. Large payload. Large payload. Large payload. Large payload. Large payload. Large payload. Large payload. Large payload. Large payload. Large payload. Large payload. Large payload. Large payload. Large payload. Large payload. Large payload. Large payload. Large payload. Large payload. Large payload. Large payload. Large payload. Large payload. Large payload. Large payload. Large payload. Large payload. Large payload. Large payload. Large payload. Large payload. Large payload. Large payload. Large payload. Large payload. Large payload. Large payload. Large payload. Large payload. Large payload. Large payload. Large payload. Large payload. Large payload. Large payload. Large payload. Large payload. Large payload. Large payload. Large payload. Large payload. Large payload. Large payload. Large payload. Large payload. Large payload. Large payload. Large payload. Large payload. Large payload. Large payload. Large payload. Large payload. Large payload. Large payload. Large payload. Large payload. Large payload. Large payload. Large payload. Large payload. Large payload. Large payload. Large payload. Large payload. Large payload. Large payload. Large payload. Large payload. Large payload. Large payload. Large payload. Large payload. Large payload. Large payload. Large payload. Large payload. Large payload. Large payload. Large payload. Large payload. Large payload. Large payload. Large payload. Large payload. Large payload. Large payload. Large payload. Large payload. Large payload. Large payload. Large payload. Large payload. Large payload. Large payload. Large payload. Large payload. Large payload. Large payload. Large payload. Large payload. Large payload. Large payload. Large payload. Large payload. Large payload. Large payload. Large payload. Large payload. Large payload. Large payload. Large payload. Large payload. Large payload. Large payload. Large payload. Large payload. Large payload. Large payload. Large payload. Large payload. Large payload. Large payload. Large payload. Large payload. Large payload. Large payload. Large payload. Large payload. Large payload. Large payload. Large payload. Large payload. Large payload. Large payload. Large payload. Large payload. Large payload. Large payload. Large payload. Large payload. Large payload. Large payload. Large payload. Large payload. Large payload. Large payload. Large payload. Large payload. Large payload. Large payload. Large payload. Large payload. Large payload. Large payload. Large payload. Large payload. Large payload. Large payload. Large payload. Large payload. Large payload. Large payload. Large payload. Large payload. Large payload. Large payload. Large payload. Large payload. Large payload. Large payload. Large payload. Large payload. Large payload. Large payload. Large payload. Large payload. Large payload. Large payload. Large payload. Large payload. Large payload. Large payload. Large payload. Large payload. Large payload. Large payload. Large payload. Large payload. Large payload. Large payload. Large payload. Large payload. Large payload. Large payload. Large payload. Large payload. Large payload. Large payload. 
[2024-01-09T21:16:50,149][INFO ][o.o.i.InfinoRestHandlerTests] [testLargeResponsePayload] after test
[2024-01-09T21:16:50,152][INFO ][o.o.i.InfinoRestHandlerTests] [testPostRequest] before test
[2024-01-09T21:16:50,155][INFO ][o.o.i.InfinoRestHandler  ] [testPostRequest] Serializing REST request for Infino
[2024-01-09T21:16:50,156][INFO ][o.o.i.InfinoRestHandler  ] [testPostRequest] Serialized REST request for Infino to http://test-path/infino/test-index/_ping
[2024-01-09T21:16:50,156][INFO ][o.o.i.InfinoRestHandler  ] [testPostRequest] Sending HTTP Request to Infino: http://test-path/infino/test-index/_ping
[2024-01-09T21:16:50,156][INFO ][o.o.i.InfinoRestHandler  ] [[InfinoPluginThread-2]] Received HTTP response from Infino: Default body
[2024-01-09T21:16:50,157][INFO ][o.o.i.InfinoRestHandlerTests] [testPostRequest] after test
]]></system-out>
  <system-err><![CDATA[SLF4J: Failed to load class "org.slf4j.impl.StaticLoggerBinder".
SLF4J: Defaulting to no-operation (NOP) logger implementation
SLF4J: See http://www.slf4j.org/codes.html#StaticLoggerBinder for further details.
]]></system-err>
</testsuite>
